0 info it worked if it ends with ok
1 verbose cli [ '/Applications/Atom.app/Contents/Resources/app/apm/bin/node',
1 verbose cli   '/Applications/Atom.app/Contents/Resources/app/apm/node_modules/npm/bin/npm-cli.js',
1 verbose cli   'version',
1 verbose cli   'minor',
1 verbose cli   '-m',
1 verbose cli   'Prepare %s release' ]
2 info using npm@2.5.1
3 info using node@v0.10.35
4 info git [ 'status', '--porcelain' ]
5 verbose version.write data { name: 'one-dork-ui',
5 verbose version.write   theme: 'ui',
5 verbose version.write   version: '0.1.0',
5 verbose version.write   description: 'One Dork Fork of One Dark UI.',
5 verbose version.write   license: 'MIT',
5 verbose version.write   repository: { type: 'git', url: 'https://github.com/dunovank/one-dork-ui' },
5 verbose version.write   engines: { atom: '>0.99.0' },
5 verbose version.write   readmeFilename: 'README.md',
5 verbose version.write   bugs: { url: 'https://github.com/dunovank/one-dork-ui/issues' } } to package.json
6 info git [ 'add', 'package.json' ]
7 info git [ 'commit', '-m', 'Prepare 0.1.0 release' ]
8 info git [ 'tag', 'v0.1.0', '-am', 'Prepare 0.1.0 release' ]
9 verbose stack Error: Command failed: fatal: tag 'v0.1.0' already exists
9 verbose stack
9 verbose stack     at ChildProcess.exithandler (child_process.js:658:15)
9 verbose stack     at ChildProcess.emit (events.js:98:17)
9 verbose stack     at maybeClose (child_process.js:766:16)
9 verbose stack     at Socket.<anonymous> (child_process.js:979:11)
9 verbose stack     at Socket.emit (events.js:95:17)
9 verbose stack     at Pipe.close (net.js:466:12)
10 verbose cwd /Users/kyle/Dropbox/Git/one-dork-ui
11 error Darwin 14.3.0
12 error argv "/Applications/Atom.app/Contents/Resources/app/apm/bin/node" "/Applications/Atom.app/Contents/Resources/app/apm/node_modules/npm/bin/npm-cli.js" "version" "minor" "-m" "Prepare %s release"
13 error node v0.10.35
14 error npm  v2.5.1
15 error code 128
16 error Command failed: fatal: tag 'v0.1.0' already exists
17 error If you need help, you may report this error at:
17 error     <http://github.com/npm/npm/issues>
18 verbose exit [ 1, true ]
